2011-07-13 23:10:03,765 INFO [org.springframework.context.support.ClassPathXmlApplicationContext] - Refreshing org.springframework.context.support.ClassPathXmlApplicationContext@1bac748: display name [org.springframework.context.support.ClassPathXmlApplicationContext@1bac748]; startup date [Wed Jul 13 23:10:03 CST 2011]; root of context hierarchy
2011-07-13 23:10:03,859 INFO [org.springframework.beans.factory.xml.XmlBeanDefinitionReader] - Loading XML bean definitions from URL [file:/D:/canvastek/code/ShopAdmin/war/WEB-INF/classes/spring-defs.xml]
2011-07-13 23:10:04,250 INFO [org.springframework.context.support.ClassPathXmlApplicationContext] - Bean factory for application context [org.springframework.context.support.ClassPathXmlApplicationContext@1bac748]: org.springframework.beans.factory.support.DefaultListableBeanFactory@2808b3
2011-07-13 23:10:04,265 INFO [org.springframework.beans.factory.support.DefaultListableBeanFactory] - Pre-instantiating singletons in org.springframework.beans.factory.support.DefaultListableBeanFactory@2808b3: defining beans [beanDefContext]; root of factory hierarchy
2011-07-13 23:10:04,453 INFO [org.springframework.context.support.ClassPathXmlApplicationContext] - Refreshing org.springframework.context.support.ClassPathXmlApplicationContext@d2906a: display name [org.springframework.context.support.ClassPathXmlApplicationContext@d2906a]; startup date [Wed Jul 13 23:10:04 CST 2011]; root of context hierarchy
2011-07-13 23:10:04,453 INFO [org.springframework.beans.factory.xml.XmlBeanDefinitionReader] - Loading XML bean definitions from URL [file:/D:/canvastek/code/ShopAdmin/war/WEB-INF/classes/spring-tx.xml]
2011-07-13 23:10:04,468 INFO [org.springframework.beans.factory.xml.XmlBeanDefinitionReader] - Loading XML bean definitions from URL [file:/D:/canvastek/code/ShopAdmin/war/WEB-INF/classes/spring-dao.xml]
2011-07-13 23:10:04,468 INFO [org.springframework.beans.factory.xml.XmlBeanDefinitionReader] - Loading XML bean definitions from URL [file:/D:/canvastek/code/ShopAdmin/war/WEB-INF/classes/spring-service.xml]
2011-07-13 23:10:04,484 INFO [org.springframework.context.support.ClassPathXmlApplicationContext] - Bean factory for application context [org.springframework.context.support.ClassPathXmlApplicationContext@d2906a]: org.springframework.beans.factory.support.DefaultListableBeanFactory@d80be3
2011-07-13 23:10:04,625 INFO [org.springframework.beans.factory.config.PropertyPlaceholderConfigurer] - Loading properties file from class path resource [jdbc.properties]
2011-07-13 23:10:04,640 INFO [org.springframework.beans.factory.support.DefaultListableBeanFactory] - Pre-instantiating singletons in org.springframework.beans.factory.support.DefaultListableBeanFactory@d80be3: defining beans [propertyConfigurer,dataSource,sessionFactory,transactionManager,transactionBase,com.spshop.dao.intf.FeedBackDAO,com.spshop.service.intf.FeedBackService.target,com.spshop.service.intf.FeedBackService]; root of factory hierarchy
2011-07-13 23:10:04,843 INFO [org.hibernate.cfg.Environment] - Hibernate 3.3.1.GA
2011-07-13 23:10:04,859 INFO [org.hibernate.cfg.Environment] - hibernate.properties not found
2011-07-13 23:10:04,890 INFO [org.hibernate.cfg.Environment] - Bytecode provider name : javassist
2011-07-13 23:10:04,921 INFO [org.hibernate.cfg.Environment] - using JDK 1.4 java.sql.Timestamp handling
2011-07-13 23:10:05,437 INFO [org.hibernate.cfg.HbmBinder] - Mapping class: com.spshop.model.FeedBack -> SHOP_FeedBack
2011-07-13 23:10:05,484 INFO [org.springframework.orm.hibernate3.LocalSessionFactoryBean] - Building new Hibernate SessionFactory
2011-07-13 23:10:05,609 INFO [org.springframework.beans.factory.support.DefaultListableBeanFactory] - Destroying singletons in org.springframework.beans.factory.support.DefaultListableBeanFactory@d80be3: defining beans [propertyConfigurer,dataSource,sessionFactory,transactionManager,transactionBase,com.spshop.dao.intf.FeedBackDAO,com.spshop.service.intf.FeedBackService.target,com.spshop.service.intf.FeedBackService]; root of factory hierarchy
2011-07-13 23:10:05,640 INFO [org.springframework.beans.factory.support.DefaultListableBeanFactory] - Destroying singletons in org.springframework.beans.factory.support.DefaultListableBeanFactory@2808b3: defining beans [beanDefContext]; root of factory hierarchy
2011-07-13 23:35:22,593 INFO [org.springframework.context.support.ClassPathXmlApplicationContext] - Refreshing org.springframework.context.support.ClassPathXmlApplicationContext@9fef6f: display name [org.springframework.context.support.ClassPathXmlApplicationContext@9fef6f]; startup date [Wed Jul 13 23:35:22 CST 2011]; root of context hierarchy
2011-07-13 23:35:22,687 INFO [org.springframework.beans.factory.xml.XmlBeanDefinitionReader] - Loading XML bean definitions from URL [file:/D:/canvastek/code/ShopAdmin/war/WEB-INF/classes/spring-defs.xml]
2011-07-13 23:35:22,796 INFO [org.springframework.context.support.ClassPathXmlApplicationContext] - Bean factory for application context [org.springframework.context.support.ClassPathXmlApplicationContext@9fef6f]: org.springframework.beans.factory.support.DefaultListableBeanFactory@2808b3
2011-07-13 23:35:22,812 INFO [org.springframework.beans.factory.support.DefaultListableBeanFactory] - Pre-instantiating singletons in org.springframework.beans.factory.support.DefaultListableBeanFactory@2808b3: defining beans [beanDefContext]; root of factory hierarchy
2011-07-13 23:35:22,859 INFO [org.springframework.context.support.ClassPathXmlApplicationContext] - Refreshing org.springframework.context.support.ClassPathXmlApplicationContext@d2906a: display name [org.springframework.context.support.ClassPathXmlApplicationContext@d2906a]; startup date [Wed Jul 13 23:35:22 CST 2011]; root of context hierarchy
2011-07-13 23:35:22,859 INFO [org.springframework.beans.factory.xml.XmlBeanDefinitionReader] - Loading XML bean definitions from URL [file:/D:/canvastek/code/ShopAdmin/war/WEB-INF/classes/spring-tx.xml]
2011-07-13 23:35:22,890 INFO [org.springframework.beans.factory.xml.XmlBeanDefinitionReader] - Loading XML bean definitions from URL [file:/D:/canvastek/code/ShopAdmin/war/WEB-INF/classes/spring-dao.xml]
2011-07-13 23:35:22,890 INFO [org.springframework.beans.factory.xml.XmlBeanDefinitionReader] - Loading XML bean definitions from URL [file:/D:/canvastek/code/ShopAdmin/war/WEB-INF/classes/spring-service.xml]
2011-07-13 23:35:22,906 INFO [org.springframework.context.support.ClassPathXmlApplicationContext] - Bean factory for application context [org.springframework.context.support.ClassPathXmlApplicationContext@d2906a]: org.springframework.beans.factory.support.DefaultListableBeanFactory@d80be3
2011-07-13 23:35:22,937 INFO [org.springframework.beans.factory.config.PropertyPlaceholderConfigurer] - Loading properties file from class path resource [jdbc.properties]
2011-07-13 23:35:22,937 INFO [org.springframework.beans.factory.support.DefaultListableBeanFactory] - Pre-instantiating singletons in org.springframework.beans.factory.support.DefaultListableBeanFactory@d80be3: defining beans [propertyConfigurer,dataSource,sessionFactory,transactionManager,transactionBase,com.spshop.dao.intf.FeedBackDAO,com.spshop.service.intf.FeedBackService.target,com.spshop.service.intf.FeedBackService]; root of factory hierarchy
2011-07-13 23:35:23,015 INFO [org.hibernate.cfg.Environment] - Hibernate 3.3.1.GA
2011-07-13 23:35:23,015 INFO [org.hibernate.cfg.Environment] - hibernate.properties not found
2011-07-13 23:35:23,031 INFO [org.hibernate.cfg.Environment] - Bytecode provider name : javassist
2011-07-13 23:35:23,031 INFO [org.hibernate.cfg.Environment] - using JDK 1.4 java.sql.Timestamp handling
2011-07-13 23:35:23,218 INFO [org.hibernate.cfg.HbmBinder] - Mapping class: com.spshop.model.FeedBack -> SHOP_FeedBack
2011-07-13 23:35:23,234 INFO [org.springframework.orm.hibernate3.LocalSessionFactoryBean] - Building new Hibernate SessionFactory
2011-07-13 23:35:23,296 INFO [org.springframework.beans.factory.support.DefaultListableBeanFactory] - Destroying singletons in org.springframework.beans.factory.support.DefaultListableBeanFactory@d80be3: defining beans [propertyConfigurer,dataSource,sessionFactory,transactionManager,transactionBase,com.spshop.dao.intf.FeedBackDAO,com.spshop.service.intf.FeedBackService.target,com.spshop.service.intf.FeedBackService]; root of factory hierarchy
2011-07-13 23:35:23,296 INFO [org.springframework.beans.factory.support.DefaultListableBeanFactory] - Destroying singletons in org.springframework.beans.factory.support.DefaultListableBeanFactory@2808b3: defining beans [beanDefContext]; root of factory hierarchy
